# JRE version: OpenJDK Runtime Environment (8.0_242-b01) (build 1.8.0_242-release-1644-b01)
# Java VM: OpenJDK 64-Bit Server VM (25.242-b01 mixed mode windows-amd64 compressed oops)
Heap:
 PSYoungGen      total 471552K, used 132148K [0x00000000d5580000, 0x00000000f5680000, 0x0000000100000000)
  eden space 421376K, 31% used [0x00000000d5580000,0x00000000dd68d2c8,0x00000000ef100000)
  from space 50176K, 0% used [0x00000000f2000000,0x00000000f2000000,0x00000000f5100000)
  to   space 48128K, 0% used [0x00000000ef100000,0x00000000ef100000,0x00000000f2000000)
 ParOldGen       total 347648K, used 73887K [0x0000000080000000, 0x0000000095380000, 0x00000000d5580000)
  object space 347648K, 21% used [0x0000000080000000,0x0000000084827f50,0x0000000095380000)
 Metaspace       used 92921K, capacity 97270K, committed 100632K, reserved 1136640K
  class space    used 12414K, capacity 13242K, committed 14112K, reserved 1048576K
GC Heap History (10 events):
Event: 10.439 GC heap before
{Heap before GC invocations=12 (full 3):
 PSYoungGen      total 330240K, used 312832K [0x00000000d5580000, 0x00000000eb680000, 0x0000000100000000)
  eden space 312832K, 100% used [0x00000000d5580000,0x00000000e8700000,0x00000000e8700000)
  from space 17408K, 0% used [0x00000000e9e00000,0x00000000e9e00000,0x00000000eaf00000)
  to   space 23552K, 0% used [0x00000000e8700000,0x00000000e8700000,0x00000000e9e00000)
 ParOldGen       total 227328K, used 38837K [0x0000000080000000, 0x000000008de00000, 0x00000000d5580000)
  object space 227328K, 17% used [0x0000000080000000,0x00000000825ed758,0x000000008de00000)
 Metaspace       used 66897K, capacity 70210K, committed 70296K, reserved 1110016K
  class space    used 9184K, capacity 9837K, committed 9888K, reserved 1048576K
Event: 10.466 GC heap after
Heap after GC invocations=12 (full 3):
 PSYoungGen      total 336384K, used 23536K [0x00000000d5580000, 0x00000000ef400000, 0x0000000100000000)
  eden space 312832K, 0% used [0x00000000d5580000,0x00000000d5580000,0x00000000e8700000)
  from space 23552K, 99% used [0x00000000e8700000,0x00000000e9dfc0b8,0x00000000e9e00000)
  to   space 28160K, 0% used [0x00000000ed880000,0x00000000ed880000,0x00000000ef400000)
 ParOldGen       total 227328K, used 41508K [0x0000000080000000, 0x000000008de00000, 0x00000000d5580000)
  object space 227328K, 18% used [0x0000000080000000,0x00000000828891a0,0x000000008de00000)
 Metaspace       used 66897K, capacity 70210K, committed 70296K, reserved 1110016K
  class space    used 9184K, capacity 9837K, committed 9888K, reserved 1048576K
}
Event: 13.594 GC heap before
{Heap before GC invocations=13 (full 3):
 PSYoungGen      total 336384K, used 336368K [0x00000000d5580000, 0x00000000ef400000, 0x0000000100000000)
  eden space 312832K, 100% used [0x00000000d5580000,0x00000000e8700000,0x00000000e8700000)
  from space 23552K, 99% used [0x00000000e8700000,0x00000000e9dfc0b8,0x00000000e9e00000)
  to   space 28160K, 0% used [0x00000000ed880000,0x00000000ed880000,0x00000000ef400000)
 ParOldGen       total 227328K, used 41508K [0x0000000080000000, 0x000000008de00000, 0x00000000d5580000)
  object space 227328K, 18% used [0x0000000080000000,0x00000000828891a0,0x000000008de00000)
 Metaspace       used 77482K, capacity 81154K, committed 81432K, reserved 1120256K
  class space    used 10567K, capacity 11266K, committed 11296K, reserved 1048576K
Event: 13.645 GC heap after
Heap after GC invocations=13 (full 3):
 PSYoungGen      total 384512K, used 28141K [0x00000000d5580000, 0x00000000f0b80000, 0x0000000100000000)
  eden space 356352K, 0% used [0x00000000d5580000,0x00000000d5580000,0x00000000eb180000)
  from space 28160K, 99% used [0x00000000ed880000,0x00000000ef3fb548,0x00000000ef400000)
  to   space 39936K, 0% used [0x00000000eb180000,0x00000000eb180000,0x00000000ed880000)
 ParOldGen       total 227328K, used 62439K [0x0000000080000000, 0x000000008de00000, 0x00000000d5580000)
  object space 227328K, 27% used [0x0000000080000000,0x0000000083cf9c10,0x000000008de00000)
 Metaspace       used 77482K, capacity 81154K, committed 81432K, reserved 1120256K
  class space    used 10567K, capacity 11266K, committed 11296K, reserved 1048576K
}
Event: 16.492 GC heap before
{Heap before GC invocations=14 (full 3):
 PSYoungGen      total 384512K, used 384493K [0x00000000d5580000, 0x00000000f0b80000, 0x0000000100000000)
  eden space 356352K, 100% used [0x00000000d5580000,0x00000000eb180000,0x00000000eb180000)
  from space 28160K, 99% used [0x00000000ed880000,0x00000000ef3fb548,0x00000000ef400000)
  to   space 39936K, 0% used [0x00000000eb180000,0x00000000eb180000,0x00000000ed880000)
 ParOldGen       total 227328K, used 62439K [0x0000000080000000, 0x000000008de00000, 0x00000000d5580000)
  object space 227328K, 27% used [0x0000000080000000,0x0000000083cf9c10,0x000000008de00000)
 Metaspace       used 89485K, capacity 95440K, committed 95512K, reserved 1130496K
  class space    used 12412K, capacity 13533K, committed 13600K, reserved 1048576K
Event: 16.536 GC heap after
Heap after GC invocations=14 (full 3):
 PSYoungGen      total 396288K, used 39905K [0x00000000d5580000, 0x00000000f5100000, 0x0000000100000000)
  eden space 356352K, 0% used [0x00000000d5580000,0x00000000d5580000,0x00000000eb180000)
  from space 39936K, 99% used [0x00000000eb180000,0x00000000ed8787a0,0x00000000ed880000)
  to   space 50176K, 0% used [0x00000000f2000000,0x00000000f2000000,0x00000000f5100000)
 ParOldGen       total 227328K, used 73833K [0x0000000080000000, 0x000000008de00000, 0x00000000d5580000)
  object space 227328K, 32% used [0x0000000080000000,0x000000008481a518,0x000000008de00000)
 Metaspace       used 89485K, capacity 95440K, committed 95512K, reserved 1130496K
  class space    used 12412K, capacity 13533K, committed 13600K, reserved 1048576K
}
Event: 17.845 GC heap before
{Heap before GC invocations=15 (full 3):
 PSYoungGen      total 396288K, used 110336K [0x00000000d5580000, 0x00000000f5100000, 0x0000000100000000)
  eden space 356352K, 19% used [0x00000000d5580000,0x00000000d9a47960,0x00000000eb180000)
  from space 39936K, 99% used [0x00000000eb180000,0x00000000ed8787a0,0x00000000ed880000)
  to   space 50176K, 0% used [0x00000000f2000000,0x00000000f2000000,0x00000000f5100000)
 ParOldGen       total 227328K, used 73833K [0x0000000080000000, 0x000000008de00000, 0x00000000d5580000)
  object space 227328K, 32% used [0x0000000080000000,0x000000008481a518,0x000000008de00000)
 Metaspace       used 92226K, capacity 98404K, committed 98600K, reserved 1134592K
  class space    used 12712K, capacity 13865K, committed 13984K, reserved 1048576K
Event: 17.885 GC heap after
Heap after GC invocations=15 (full 3):
 PSYoungGen      total 471552K, used 14874K [0x00000000d5580000, 0x00000000f5680000, 0x0000000100000000)
  eden space 421376K, 0% used [0x00000000d5580000,0x00000000d5580000,0x00000000ef100000)
  from space 50176K, 29% used [0x00000000f2000000,0x00000000f2e86970,0x00000000f5100000)
  to   space 48128K, 0% used [0x00000000ef100000,0x00000000ef100000,0x00000000f2000000)
 ParOldGen       total 227328K, used 99145K [0x0000000080000000, 0x000000008de00000, 0x00000000d5580000)
  object space 227328K, 43% used [0x0000000080000000,0x00000000860d2510,0x000000008de00000)
 Metaspace       used 92226K, capacity 98404K, committed 98600K, reserved 1134592K
  class space    used 12712K, capacity 13865K, committed 13984K, reserved 1048576K
}
Event: 17.885 GC heap before
{Heap before GC invocations=16 (full 4):
 PSYoungGen      total 471552K, used 14874K [0x00000000d5580000, 0x00000000f5680000, 0x0000000100000000)
  eden space 421376K, 0% used [0x00000000d5580000,0x00000000d5580000,0x00000000ef100000)
  from space 50176K, 29% used [0x00000000f2000000,0x00000000f2e86970,0x00000000f5100000)
  to   space 48128K, 0% used [0x00000000ef100000,0x00000000ef100000,0x00000000f2000000)
 ParOldGen       total 227328K, used 99145K [0x0000000080000000, 0x000000008de00000, 0x00000000d5580000)
  object space 227328K, 43% used [0x0000000080000000,0x00000000860d2510,0x000000008de00000)
 Metaspace       used 92226K, capacity 98404K, committed 98600K, reserved 1134592K
  class space    used 12712K, capacity 13865K, committed 13984K, reserved 1048576K
Event: 18.143 GC heap after
Heap after GC invocations=16 (full 4):
 PSYoungGen      total 471552K, used 0K [0x00000000d5580000, 0x00000000f5680000, 0x0000000100000000)
  eden space 421376K, 0% used [0x00000000d5580000,0x00000000d5580000,0x00000000ef100000)
  from space 50176K, 0% used [0x00000000f2000000,0x00000000f2000000,0x00000000f5100000)
  to   space 48128K, 0% used [0x00000000ef100000,0x00000000ef100000,0x00000000f2000000)
 ParOldGen       total 347648K, used 73887K [0x0000000080000000, 0x0000000095380000, 0x00000000d5580000)
  object space 347648K, 21% used [0x0000000080000000,0x0000000084827f50,0x0000000095380000)
 Metaspace       used 91000K, capacity 95336K, committed 98600K, reserved 1134592K
  class space    used 12285K, capacity 13103K, committed 13984K, reserved 1048576K
}

