# JRE version: OpenJDK Runtime Environment (8.0_242-b01) (build 1.8.0_242-release-1644-b01)
# Java VM: OpenJDK 64-Bit Server VM (25.242-b01 mixed mode windows-amd64 compressed oops)
Heap:
 PSYoungGen      total 387072K, used 176394K [0x00000000d5580000, 0x00000000ef900000, 0x0000000100000000)
  eden space 353792K, 43% used [0x00000000d5580000,0x00000000deaf8860,0x00000000eaf00000)
  from space 33280K, 70% used [0x00000000ed880000,0x00000000eef4a2c8,0x00000000ef900000)
  to   space 37888K, 0% used [0x00000000eaf00000,0x00000000eaf00000,0x00000000ed400000)
 ParOldGen       total 323072K, used 106918K [0x0000000080000000, 0x0000000093b80000, 0x00000000d5580000)
  object space 323072K, 33% used [0x0000000080000000,0x0000000086869ba8,0x0000000093b80000)
 Metaspace       used 101829K, capacity 106702K, committed 106840K, reserved 1142784K
  class space    used 13420K, capacity 14391K, committed 14464K, reserved 1048576K
GC Heap History (10 events):
Event: 18.515 GC heap before
{Heap before GC invocations=16 (full 3):
 PSYoungGen      total 281600K, used 278256K [0x00000000d5580000, 0x00000000e8100000, 0x0000000100000000)
  eden space 260608K, 100% used [0x00000000d5580000,0x00000000e5400000,0x00000000e5400000)
  from space 20992K, 84% used [0x00000000e6c80000,0x00000000e7dbc398,0x00000000e8100000)
  to   space 23040K, 0% used [0x00000000e5400000,0x00000000e5400000,0x00000000e6a80000)
 ParOldGen       total 203264K, used 48784K [0x0000000080000000, 0x000000008c680000, 0x00000000d5580000)
  object space 203264K, 24% used [0x0000000080000000,0x0000000082fa40c8,0x000000008c680000)
 Metaspace       used 87111K, capacity 91806K, committed 91992K, reserved 1128448K
  class space    used 11775K, capacity 12669K, committed 12672K, reserved 1048576K
Event: 18.557 GC heap after
Heap after GC invocations=16 (full 3):
 PSYoungGen      total 283648K, used 23036K [0x00000000d5580000, 0x00000000ebd80000, 0x0000000100000000)
  eden space 260608K, 0% used [0x00000000d5580000,0x00000000d5580000,0x00000000e5400000)
  from space 23040K, 99% used [0x00000000e5400000,0x00000000e6a7f390,0x00000000e6a80000)
  to   space 30208K, 0% used [0x00000000ea000000,0x00000000ea000000,0x00000000ebd80000)
 ParOldGen       total 203264K, used 59406K [0x0000000080000000, 0x000000008c680000, 0x00000000d5580000)
  object space 203264K, 29% used [0x0000000080000000,0x0000000083a039d0,0x000000008c680000)
 Metaspace       used 87111K, capacity 91806K, committed 91992K, reserved 1128448K
  class space    used 11775K, capacity 12669K, committed 12672K, reserved 1048576K
}
Event: 19.972 GC heap before
{Heap before GC invocations=17 (full 3):
 PSYoungGen      total 283648K, used 134904K [0x00000000d5580000, 0x00000000ebd80000, 0x0000000100000000)
  eden space 260608K, 42% used [0x00000000d5580000,0x00000000dc2bef50,0x00000000e5400000)
  from space 23040K, 99% used [0x00000000e5400000,0x00000000e6a7f390,0x00000000e6a80000)
  to   space 30208K, 0% used [0x00000000ea000000,0x00000000ea000000,0x00000000ebd80000)
 ParOldGen       total 203264K, used 59406K [0x0000000080000000, 0x000000008c680000, 0x00000000d5580000)
  object space 203264K, 29% used [0x0000000080000000,0x0000000083a039d0,0x000000008c680000)
 Metaspace       used 93080K, capacity 98220K, committed 98380K, reserved 1134592K
  class space    used 12474K, capacity 13498K, committed 13568K, reserved 1048576K
Event: 20.001 GC heap after
Heap after GC invocations=17 (full 3):
 PSYoungGen      total 338944K, used 8423K [0x00000000d5580000, 0x00000000ebf00000, 0x0000000100000000)
  eden space 308736K, 0% used [0x00000000d5580000,0x00000000d5580000,0x00000000e8300000)
  from space 30208K, 27% used [0x00000000ea000000,0x00000000ea839f88,0x00000000ebd80000)
  to   space 29696K, 0% used [0x00000000e8300000,0x00000000e8300000,0x00000000ea000000)
 ParOldGen       total 203264K, used 81431K [0x0000000080000000, 0x000000008c680000, 0x00000000d5580000)
  object space 203264K, 40% used [0x0000000080000000,0x0000000084f85d38,0x000000008c680000)
 Metaspace       used 93080K, capacity 98220K, committed 98380K, reserved 1134592K
  class space    used 12474K, capacity 13498K, committed 13568K, reserved 1048576K
}
Event: 20.001 GC heap before
{Heap before GC invocations=18 (full 4):
 PSYoungGen      total 338944K, used 8423K [0x00000000d5580000, 0x00000000ebf00000, 0x0000000100000000)
  eden space 308736K, 0% used [0x00000000d5580000,0x00000000d5580000,0x00000000e8300000)
  from space 30208K, 27% used [0x00000000ea000000,0x00000000ea839f88,0x00000000ebd80000)
  to   space 29696K, 0% used [0x00000000e8300000,0x00000000e8300000,0x00000000ea000000)
 ParOldGen       total 203264K, used 81431K [0x0000000080000000, 0x000000008c680000, 0x00000000d5580000)
  object space 203264K, 40% used [0x0000000080000000,0x0000000084f85d38,0x000000008c680000)
 Metaspace       used 93080K, capacity 98220K, committed 98380K, reserved 1134592K
  class space    used 12474K, capacity 13498K, committed 13568K, reserved 1048576K
Event: 20.292 GC heap after
Heap after GC invocations=18 (full 4):
 PSYoungGen      total 338944K, used 0K [0x00000000d5580000, 0x00000000ebf00000, 0x0000000100000000)
  eden space 308736K, 0% used [0x00000000d5580000,0x00000000d5580000,0x00000000e8300000)
  from space 30208K, 0% used [0x00000000ea000000,0x00000000ea000000,0x00000000ebd80000)
  to   space 29696K, 0% used [0x00000000e8300000,0x00000000e8300000,0x00000000ea000000)
 ParOldGen       total 323072K, used 75140K [0x0000000080000000, 0x0000000093b80000, 0x00000000d5580000)
  object space 323072K, 23% used [0x0000000080000000,0x0000000084961118,0x0000000093b80000)
 Metaspace       used 92636K, capacity 96906K, committed 98380K, reserved 1134592K
  class space    used 12331K, capacity 13245K, committed 13568K, reserved 1048576K
}
Event: 2140.856 GC heap before
{Heap before GC invocations=19 (full 4):
 PSYoungGen      total 338944K, used 307385K [0x00000000d5580000, 0x00000000ebf00000, 0x0000000100000000)
  eden space 308736K, 99% used [0x00000000d5580000,0x00000000e81ae568,0x00000000e8300000)
  from space 30208K, 0% used [0x00000000ea000000,0x00000000ea000000,0x00000000ebd80000)
  to   space 29696K, 0% used [0x00000000e8300000,0x00000000e8300000,0x00000000ea000000)
 ParOldGen       total 323072K, used 75140K [0x0000000080000000, 0x0000000093b80000, 0x00000000d5580000)
  object space 323072K, 23% used [0x0000000080000000,0x0000000084961118,0x0000000093b80000)
 Metaspace       used 96222K, capacity 100740K, committed 101848K, reserved 1136640K
  class space    used 12708K, capacity 13632K, committed 13824K, reserved 1048576K
Event: 2140.878 GC heap after
Heap after GC invocations=19 (full 4):
 PSYoungGen      total 338432K, used 29673K [0x00000000d5580000, 0x00000000efd00000, 0x0000000100000000)
  eden space 308736K, 0% used [0x00000000d5580000,0x00000000d5580000,0x00000000e8300000)
  from space 29696K, 99% used [0x00000000e8300000,0x00000000e9ffa690,0x00000000ea000000)
  to   space 37376K, 0% used [0x00000000ed880000,0x00000000ed880000,0x00000000efd00000)
 ParOldGen       total 323072K, used 84019K [0x0000000080000000, 0x0000000093b80000, 0x00000000d5580000)
  object space 323072K, 26% used [0x0000000080000000,0x000000008520ce50,0x0000000093b80000)
 Metaspace       used 96222K, capacity 100740K, committed 101848K, reserved 1136640K
  class space    used 12708K, capacity 13632K, committed 13824K, reserved 1048576K
}
Event: 2146.754 GC heap before
{Heap before GC invocations=20 (full 4):
 PSYoungGen      total 338432K, used 338375K [0x00000000d5580000, 0x00000000efd00000, 0x0000000100000000)
  eden space 308736K, 99% used [0x00000000d5580000,0x00000000e82f7570,0x00000000e8300000)
  from space 29696K, 99% used [0x00000000e8300000,0x00000000e9ffa690,0x00000000ea000000)
  to   space 37376K, 0% used [0x00000000ed880000,0x00000000ed880000,0x00000000efd00000)
 ParOldGen       total 323072K, used 84019K [0x0000000080000000, 0x0000000093b80000, 0x00000000d5580000)
  object space 323072K, 26% used [0x0000000080000000,0x000000008520ce50,0x0000000093b80000)
 Metaspace       used 99089K, capacity 103834K, committed 104408K, reserved 1140736K
  class space    used 13021K, capacity 14003K, committed 14080K, reserved 1048576K
Event: 2146.784 GC heap after
Heap after GC invocations=20 (full 4):
 PSYoungGen      total 387072K, used 23336K [0x00000000d5580000, 0x00000000ef900000, 0x0000000100000000)
  eden space 353792K, 0% used [0x00000000d5580000,0x00000000d5580000,0x00000000eaf00000)
  from space 33280K, 70% used [0x00000000ed880000,0x00000000eef4a2c8,0x00000000ef900000)
  to   space 37888K, 0% used [0x00000000eaf00000,0x00000000eaf00000,0x00000000ed400000)
 ParOldGen       total 323072K, used 106918K [0x0000000080000000, 0x0000000093b80000, 0x00000000d5580000)
  object space 323072K, 33% used [0x0000000080000000,0x0000000086869ba8,0x0000000093b80000)
 Metaspace       used 99089K, capacity 103834K, committed 104408K, reserved 1140736K
  class space    used 13021K, capacity 14003K, committed 14080K, reserved 1048576K
}

