# JRE version: OpenJDK Runtime Environment (11.0.8+10) (build 11.0.8+10-b944.6842174)
# Java VM: OpenJDK 64-Bit Server VM (11.0.8+10-b944.6842174, mixed mode, tiered, compressed oops, g1 gc, windows-amd64)
Heap:
 garbage-first heap   total 262144K, used 65988K [0x0000000080000000, 0x0000000100000000)
  region size 1024K, 22 young (22528K), 7 survivors (7168K)
 Metaspace       used 64502K, capacity 65953K, committed 66048K, reserved 1107968K
  class space    used 8140K, capacity 8648K, committed 8704K, reserved 1048576K
GC Heap History (12 events):
Event: 1.241 GC heap before
{Heap before GC invocations=0 (full 0):
 garbage-first heap   total 262144K, used 29696K [0x0000000080000000, 0x0000000100000000)
  region size 1024K, 24 young (24576K), 0 survivors (0K)
 Metaspace       used 10501K, capacity 10708K, committed 11008K, reserved 1058816K
  class space    used 1103K, capacity 1164K, committed 1280K, reserved 1048576K
}
Event: 1.252 GC heap after
{Heap after GC invocations=1 (full 0):
 garbage-first heap   total 262144K, used 8295K [0x0000000080000000, 0x0000000100000000)
  region size 1024K, 3 young (3072K), 3 survivors (3072K)
 Metaspace       used 10501K, capacity 10708K, committed 11008K, reserved 1058816K
  class space    used 1103K, capacity 1164K, committed 1280K, reserved 1048576K
}
Event: 3.945 GC heap before
{Heap before GC invocations=1 (full 0):
 garbage-first heap   total 262144K, used 87143K [0x0000000080000000, 0x0000000100000000)
  region size 1024K, 81 young (82944K), 3 survivors (3072K)
 Metaspace       used 20628K, capacity 21054K, committed 21248K, reserved 1069056K
  class space    used 2423K, capacity 2541K, committed 2560K, reserved 1048576K
}
Event: 3.955 GC heap after
{Heap after GC invocations=2 (full 0):
 garbage-first heap   total 262144K, used 15487K [0x0000000080000000, 0x0000000100000000)
  region size 1024K, 11 young (11264K), 11 survivors (11264K)
 Metaspace       used 20628K, capacity 21054K, committed 21248K, reserved 1069056K
  class space    used 2423K, capacity 2541K, committed 2560K, reserved 1048576K
}
Event: 5.028 GC heap before
{Heap before GC invocations=3 (full 0):
 garbage-first heap   total 262144K, used 68735K [0x0000000080000000, 0x0000000100000000)
  region size 1024K, 63 young (64512K), 11 survivors (11264K)
 Metaspace       used 26928K, capacity 27477K, committed 27776K, reserved 1073152K
  class space    used 3462K, capacity 3645K, committed 3712K, reserved 1048576K
}
Event: 5.037 GC heap after
{Heap after GC invocations=4 (full 0):
 garbage-first heap   total 262144K, used 17627K [0x0000000080000000, 0x0000000100000000)
  region size 1024K, 3 young (3072K), 3 survivors (3072K)
 Metaspace       used 26928K, capacity 27477K, committed 27776K, reserved 1073152K
  class space    used 3462K, capacity 3645K, committed 3712K, reserved 1048576K
}
Event: 6.025 GC heap before
{Heap before GC invocations=4 (full 0):
 garbage-first heap   total 262144K, used 54491K [0x0000000080000000, 0x0000000100000000)
  region size 1024K, 40 young (40960K), 3 survivors (3072K)
 Metaspace       used 34848K, capacity 35511K, committed 35628K, reserved 1081344K
  class space    used 4450K, capacity 4706K, committed 4736K, reserved 1048576K
}
Event: 6.037 GC heap after
{Heap after GC invocations=5 (full 0):
 garbage-first heap   total 262144K, used 20428K [0x0000000080000000, 0x0000000100000000)
  region size 1024K, 6 young (6144K), 6 survivors (6144K)
 Metaspace       used 34848K, capacity 35511K, committed 35628K, reserved 1081344K
  class space    used 4450K, capacity 4706K, committed 4736K, reserved 1048576K
}
Event: 8.484 GC heap before
{Heap before GC invocations=6 (full 0):
 garbage-first heap   total 262144K, used 125900K [0x0000000080000000, 0x0000000100000000)
  region size 1024K, 106 young (108544K), 6 survivors (6144K)
 Metaspace       used 43273K, capacity 44229K, committed 44288K, reserved 1087488K
  class space    used 5535K, capacity 5877K, committed 5888K, reserved 1048576K
}
Event: 8.496 GC heap after
{Heap after GC invocations=7 (full 0):
 garbage-first heap   total 262144K, used 26765K [0x0000000080000000, 0x0000000100000000)
  region size 1024K, 12 young (12288K), 12 survivors (12288K)
 Metaspace       used 43273K, capacity 44229K, committed 44288K, reserved 1087488K
  class space    used 5535K, capacity 5877K, committed 5888K, reserved 1048576K
}
Event: 12.190 GC heap before
{Heap before GC invocations=7 (full 0):
 garbage-first heap   total 262144K, used 174221K [0x0000000080000000, 0x0000000100000000)
  region size 1024K, 151 young (154624K), 12 survivors (12288K)
 Metaspace       used 58489K, capacity 59775K, committed 59904K, reserved 1101824K
  class space    used 7365K, capacity 7837K, committed 7936K, reserved 1048576K
}
Event: 12.237 GC heap after
{Heap after GC invocations=8 (full 0):
 garbage-first heap   total 262144K, used 45776K [0x0000000080000000, 0x0000000100000000)
  region size 1024K, 20 young (20480K), 20 survivors (20480K)
 Metaspace       used 58489K, capacity 59775K, committed 59904K, reserved 1101824K
  class space    used 7365K, capacity 7837K, committed 7936K, reserved 1048576K
}

